<?xml version="1.0" encoding="UTF-8"?>
<robot generator="Robot 5.0.1 (Python 3.9.13 on darwin)" generated="20230911 09:40:21.395" rpa="false" schemaversion="3">
<suite id="s1" name="ForgotPassword" source="/Users/suleymanoguz/Documents/RobotFramework/Tests/ForgotPassword.robot">
<kw name="Open the browser" library="CommonWeb" type="SETUP">
<kw name="Open Browser" library="SeleniumLibrary">
<arg>${URL}</arg>
<arg>${BROWSER}</arg>
<doc>Opens a new browser instance to the optional ``url``.</doc>
<msg timestamp="20230911 09:40:21.647" level="INFO">Opening browser 'chrome' to base url 'https://opensource-demo.orangehrmlive.com/web/index.php/auth/login'.</msg>
<status status="PASS" starttime="20230911 09:40:21.647" endtime="20230911 09:40:32.134"/>
</kw>
<status status="PASS" starttime="20230911 09:40:21.646" endtime="20230911 09:40:32.135"/>
</kw>
<test id="s1-t1" name="Forgot password function" line="13">
<kw name="Navigate to url" library="CommonWeb">
<kw name="Go To" library="SeleniumLibrary">
<arg>${URL}</arg>
<doc>Navigates the current browser window to the provided ``url``.</doc>
<msg timestamp="20230911 09:40:32.137" level="INFO">Opening url 'https://opensource-demo.orangehrmlive.com/web/index.php/auth/login'</msg>
<status status="PASS" starttime="20230911 09:40:32.136" endtime="20230911 09:40:35.876"/>
</kw>
<status status="PASS" starttime="20230911 09:40:32.136" endtime="20230911 09:40:35.877"/>
</kw>
<kw name="Forgot password" library="forgotPassword_page">
<kw name="Sleep" library="BuiltIn">
<arg>3s</arg>
<doc>Pauses the test executed for the given time.</doc>
<msg timestamp="20230911 09:40:38.879" level="INFO">Slept 3 seconds</msg>
<status status="PASS" starttime="20230911 09:40:35.877" endtime="20230911 09:40:38.881"/>
</kw>
<kw name="Click Button" library="SeleniumLibrary">
<arg>${forgotPassword_button}</arg>
<doc>Clicks the button identified by ``locator``.</doc>
<msg timestamp="20230911 09:40:38.883" level="INFO">Clicking button '//button[./span[@aria-label='load comments']]'.</msg>
<msg timestamp="20230911 09:40:39.367" level="INFO" html="true">&lt;/td&gt;&lt;/tr&gt;&lt;tr&gt;&lt;td colspan="3"&gt;&lt;a href="selenium-screenshot-1.png"&gt;&lt;img src="selenium-screenshot-1.png" width="800px"&gt;&lt;/a&gt;</msg>
<msg timestamp="20230911 09:40:39.367" level="FAIL">Button with locator '//button[./span[@aria-label='load comments']]' not found.</msg>
<status status="FAIL" starttime="20230911 09:40:38.881" endtime="20230911 09:40:39.370"/>
</kw>
<kw name="Sleep" library="BuiltIn">
<arg>3s</arg>
<doc>Pauses the test executed for the given time.</doc>
<status status="NOT RUN" starttime="20230911 09:40:39.371" endtime="20230911 09:40:39.371"/>
</kw>
<kw name="Input Text" library="SeleniumLibrary">
<arg>${username_forgotpassword}</arg>
<arg>Admin</arg>
<doc>Types the given ``text`` into the text field identified by ``locator``.</doc>
<status status="NOT RUN" starttime="20230911 09:40:39.371" endtime="20230911 09:40:39.371"/>
</kw>
<kw name="Click Button" library="SeleniumLibrary">
<arg>${resetpassword_button}</arg>
<doc>Clicks the button identified by ``locator``.</doc>
<status status="NOT RUN" starttime="20230911 09:40:39.371" endtime="20230911 09:40:39.371"/>
</kw>
<kw name="Element Text Should Be" library="SeleniumLibrary">
<arg>${resetpassword_message}</arg>
<arg>Reset Password link sent succesfully</arg>
<doc>Verifies that element ``locator`` contains exact the text ``expected``.</doc>
<status status="NOT RUN" starttime="20230911 09:40:39.372" endtime="20230911 09:40:39.372"/>
</kw>
<status status="FAIL" starttime="20230911 09:40:35.877" endtime="20230911 09:40:39.372"/>
</kw>
<status status="FAIL" starttime="20230911 09:40:32.135" endtime="20230911 09:40:39.373">Button with locator '//button[./span[@aria-label='load comments']]' not found.</status>
</test>
<test id="s1-t2" name="Forgot password with empty username field" line="17">
<kw name="Navigate to url" library="CommonWeb">
<kw name="Go To" library="SeleniumLibrary">
<arg>${URL}</arg>
<doc>Navigates the current browser window to the provided ``url``.</doc>
<msg timestamp="20230911 09:40:39.374" level="INFO">Opening url 'https://opensource-demo.orangehrmlive.com/web/index.php/auth/login'</msg>
<status status="PASS" starttime="20230911 09:40:39.374" endtime="20230911 09:40:39.708"/>
</kw>
<status status="PASS" starttime="20230911 09:40:39.373" endtime="20230911 09:40:39.708"/>
</kw>
<kw name="Forgot password empty username field" library="forgotPassword_page">
<kw name="Click Button" library="SeleniumLibrary">
<arg>${forgotPassword_button}</arg>
<doc>Clicks the button identified by ``locator``.</doc>
<msg timestamp="20230911 09:40:39.709" level="INFO">Clicking button '//button[./span[@aria-label='load comments']]'.</msg>
<msg timestamp="20230911 09:40:40.346" level="INFO" html="true">&lt;/td&gt;&lt;/tr&gt;&lt;tr&gt;&lt;td colspan="3"&gt;&lt;a href="selenium-screenshot-2.png"&gt;&lt;img src="selenium-screenshot-2.png" width="800px"&gt;&lt;/a&gt;</msg>
<msg timestamp="20230911 09:40:40.346" level="FAIL">Button with locator '//button[./span[@aria-label='load comments']]' not found.</msg>
<status status="FAIL" starttime="20230911 09:40:39.709" endtime="20230911 09:40:40.346"/>
</kw>
<kw name="Click Button" library="SeleniumLibrary">
<arg>${resetpassword_button}</arg>
<doc>Clicks the button identified by ``locator``.</doc>
<status status="NOT RUN" starttime="20230911 09:40:40.347" endtime="20230911 09:40:40.347"/>
</kw>
<kw name="Element Text Should Be" library="SeleniumLibrary">
<arg>${required_message}</arg>
<arg>Required</arg>
<doc>Verifies that element ``locator`` contains exact the text ``expected``.</doc>
<status status="NOT RUN" starttime="20230911 09:40:40.347" endtime="20230911 09:40:40.347"/>
</kw>
<status status="FAIL" starttime="20230911 09:40:39.708" endtime="20230911 09:40:40.347"/>
</kw>
<status status="FAIL" starttime="20230911 09:40:39.373" endtime="20230911 09:40:40.348">Button with locator '//button[./span[@aria-label='load comments']]' not found.</status>
</test>
<kw name="Close the browser" library="CommonWeb" type="TEARDOWN">
<kw name="Close Browser" library="SeleniumLibrary">
<doc>Closes the current browser.</doc>
<status status="PASS" starttime="20230911 09:40:40.350" endtime="20230911 09:40:40.430"/>
</kw>
<status status="PASS" starttime="20230911 09:40:40.349" endtime="20230911 09:40:40.430"/>
</kw>
<status status="FAIL" starttime="20230911 09:40:21.399" endtime="20230911 09:40:40.430"/>
</suite>
<statistics>
<total>
<stat pass="0" fail="2" skip="0">All Tests</stat>
</total>
<tag>
</tag>
<suite>
<stat pass="0" fail="2" skip="0" id="s1" name="ForgotPassword">ForgotPassword</stat>
</suite>
</statistics>
<errors>
</errors>
</robot>
