<?xml version="1.0" encoding="UTF-8"?>
<robot generator="Robot 6.1.1 (Python 3.11.5 on darwin)" generated="20231005 16:24:29.372" rpa="false" schemaversion="4">
<suite id="s1" name="Tests" source="/Users/suleymanoguz/Documents/RobotFramework/tests">
<suite id="s1-s1" name="1. Register" source="/Users/suleymanoguz/Documents/RobotFramework/tests/1. Register.robot">
<kw name="Run Keywords" library="BuiltIn" type="SETUP">
<arg>Open the browser</arg>
<arg>Generate Random Email</arg>
<doc>Executes all the given keywords in a sequence.</doc>
<kw name="Open the browser" library="common">
<kw name="Open Browser" library="SeleniumLibrary">
<arg>${URL}</arg>
<arg>${BROWSER}</arg>
<doc>Opens a new browser instance to the optional ``url``.</doc>
<msg timestamp="20231005 16:24:29.460" level="INFO">Opening browser 'chrome' to base url 'https://demowebshop.tricentis.com/'.</msg>
<status status="PASS" starttime="20231005 16:24:29.460" endtime="20231005 16:24:32.680"/>
</kw>
<status status="PASS" starttime="20231005 16:24:29.460" endtime="20231005 16:24:32.680"/>
</kw>
<kw name="Generate Random Email" library="RandomNameGenerator">
<kw name="Generate Random String" library="String">
<var>${random_string}</var>
<arg>10</arg>
<arg>[NUMBERS][LOWER]</arg>
<doc>Generates a string with a desired ``length`` from the given ``chars``.</doc>
<msg timestamp="20231005 16:24:32.681" level="INFO">${random_string} = hqyot98bfv</msg>
<status status="PASS" starttime="20231005 16:24:32.681" endtime="20231005 16:24:32.681"/>
</kw>
<kw name="Set Global Variable" library="BuiltIn">
<arg>${email}</arg>
<arg>${random_string}@example.com</arg>
<doc>Makes a variable available globally in all tests and suites.</doc>
<msg timestamp="20231005 16:24:32.682" level="INFO">${email} = hqyot98bfv@example.com</msg>
<status status="PASS" starttime="20231005 16:24:32.681" endtime="20231005 16:24:32.682"/>
</kw>
<status status="PASS" starttime="20231005 16:24:32.681" endtime="20231005 16:24:32.682"/>
</kw>
<status status="PASS" starttime="20231005 16:24:29.459" endtime="20231005 16:24:32.682"/>
</kw>
<test id="s1-s1-t1" name="Register with empty password" line="19">
<kw name="Register to the demo Webshop" library="register_page">
<arg>${EMPTY}</arg>
<arg>test123</arg>
<kw name="Wait Until Page Contains Element" library="SeleniumLibrary">
<arg>${Register Link}</arg>
<arg>timeout=10s</arg>
<doc>Waits until the element ``locator`` appears on the current page.</doc>
<status status="PASS" starttime="20231005 16:24:32.683" endtime="20231005 16:24:32.695"/>
</kw>
<kw name="Click Link" library="SeleniumLibrary">
<arg>${Register Link}</arg>
<doc>Clicks a link identified by ``locator``.</doc>
<msg timestamp="20231005 16:24:32.696" level="INFO">Clicking link '//a[normalize-space()='Register']'.</msg>
<status status="PASS" starttime="20231005 16:24:32.695" endtime="20231005 16:24:32.994"/>
</kw>
<kw name="Sleep" library="BuiltIn">
<arg>1s</arg>
<doc>Pauses the test executed for the given time.</doc>
<msg timestamp="20231005 16:24:33.995" level="INFO">Slept 1 second</msg>
<status status="PASS" starttime="20231005 16:24:32.994" endtime="20231005 16:24:33.996"/>
</kw>
<kw name="Click Element" library="SeleniumLibrary">
<arg>${gender male}</arg>
<doc>Click the element identified by ``locator``.</doc>
<msg timestamp="20231005 16:24:33.997" level="INFO">Clicking element '//*[@id="gender-male"]'.</msg>
<status status="PASS" starttime="20231005 16:24:33.996" endtime="20231005 16:24:34.048"/>
</kw>
<kw name="Sleep" library="BuiltIn">
<arg>1s</arg>
<doc>Pauses the test executed for the given time.</doc>
<msg timestamp="20231005 16:24:35.050" level="INFO">Slept 1 second</msg>
<status status="PASS" starttime="20231005 16:24:34.048" endtime="20231005 16:24:35.051"/>
</kw>
<kw name="Generate Random First Name" library="RandomNameGenerator">
<var>${firstname_random}</var>
<kw name="Create List" library="BuiltIn">
<var>${first_names}</var>
<arg>John</arg>
<arg>Jane</arg>
<arg>Michael</arg>
<arg>Sarah</arg>
<arg>David</arg>
<doc>Returns a list containing given items.</doc>
<msg timestamp="20231005 16:24:35.052" level="INFO">${first_names} = ['John', 'Jane', 'Michael', 'Sarah', 'David']</msg>
<status status="PASS" starttime="20231005 16:24:35.052" endtime="20231005 16:24:35.052"/>
</kw>
<kw name="Evaluate" library="BuiltIn">
<var>${random_first_name}</var>
<arg>random.choice($first_names)</arg>
<doc>Evaluates the given expression in Python and returns the result.</doc>
<msg timestamp="20231005 16:24:35.058" level="INFO">${random_first_name} = John</msg>
<status status="PASS" starttime="20231005 16:24:35.052" endtime="20231005 16:24:35.058"/>
</kw>
<msg timestamp="20231005 16:24:35.058" level="INFO">${firstname_random} = John</msg>
<status status="PASS" starttime="20231005 16:24:35.051" endtime="20231005 16:24:35.058"/>
</kw>
<kw name="Input Text" library="SeleniumLibrary">
<arg>${first name}</arg>
<arg>${firstname_random}</arg>
<doc>Types the given ``text`` into the text field identified by ``locator``.</doc>
<msg timestamp="20231005 16:24:35.059" level="INFO">Typing text 'John' into text field '//*[@id="FirstName"]'.</msg>
<status status="PASS" starttime="20231005 16:24:35.059" endtime="20231005 16:24:35.153"/>
</kw>
<kw name="Generate Random Last Name" library="RandomNameGenerator">
<var>${lastname_random}</var>
<kw name="Create List" library="BuiltIn">
<var>${last_names}</var>
<arg>Smith</arg>
<arg>Johnson</arg>
<arg>Brown</arg>
<arg>Davis</arg>
<arg>Wilson</arg>
<doc>Returns a list containing given items.</doc>
<msg timestamp="20231005 16:24:35.154" level="INFO">${last_names} = ['Smith', 'Johnson', 'Brown', 'Davis', 'Wilson']</msg>
<status status="PASS" starttime="20231005 16:24:35.154" endtime="20231005 16:24:35.154"/>
</kw>
<kw name="Evaluate" library="BuiltIn">
<var>${random_last_name}</var>
<arg>random.choice($last_names)</arg>
<doc>Evaluates the given expression in Python and returns the result.</doc>
<msg timestamp="20231005 16:24:35.154" level="INFO">${random_last_name} = Davis</msg>
<status status="PASS" starttime="20231005 16:24:35.154" endtime="20231005 16:24:35.154"/>
</kw>
<msg timestamp="20231005 16:24:35.154" level="INFO">${lastname_random} = Davis</msg>
<status status="PASS" starttime="20231005 16:24:35.154" endtime="20231005 16:24:35.154"/>
</kw>
<kw name="Input Text" library="SeleniumLibrary">
<arg>${last name}</arg>
<arg>${lastname_random}</arg>
<doc>Types the given ``text`` into the text field identified by ``locator``.</doc>
<msg timestamp="20231005 16:24:35.154" level="INFO">Typing text 'Davis' into text field '//*[@id="LastName"]'.</msg>
<status status="PASS" starttime="20231005 16:24:35.154" endtime="20231005 16:24:35.192"/>
</kw>
<kw name="Sleep" library="BuiltIn">
<arg>1s</arg>
<doc>Pauses the test executed for the given time.</doc>
<msg timestamp="20231005 16:24:36.193" level="INFO">Slept 1 second</msg>
<status status="PASS" starttime="20231005 16:24:35.192" endtime="20231005 16:24:36.194"/>
</kw>
<kw name="Input Text" library="SeleniumLibrary">
<arg>${email field}</arg>
<arg>${email}</arg>
<doc>Types the given ``text`` into the text field identified by ``locator``.</doc>
<msg timestamp="20231005 16:24:36.196" level="INFO">Typing text 'hqyot98bfv@example.com' into text field '//*[@id="Email"]'.</msg>
<status status="PASS" starttime="20231005 16:24:36.194" endtime="20231005 16:24:36.264"/>
</kw>
<kw name="Sleep" library="BuiltIn">
<arg>1s</arg>
<doc>Pauses the test executed for the given time.</doc>
<msg timestamp="20231005 16:24:37.264" level="INFO">Slept 1 second</msg>
<status status="PASS" starttime="20231005 16:24:36.264" endtime="20231005 16:24:37.265"/>
</kw>
<kw name="Input Text" library="SeleniumLibrary">
<arg>${Password}</arg>
<arg>${Password_input}</arg>
<doc>Types the given ``text`` into the text field identified by ``locator``.</doc>
<msg timestamp="20231005 16:24:37.266" level="INFO">Typing text '' into text field '//*[@id="Password"]'.</msg>
<status status="PASS" starttime="20231005 16:24:37.265" endtime="20231005 16:24:37.326"/>
</kw>
<kw name="Sleep" library="BuiltIn">
<arg>1s</arg>
<doc>Pauses the test executed for the given time.</doc>
<msg timestamp="20231005 16:24:38.327" level="INFO">Slept 1 second</msg>
<status status="PASS" starttime="20231005 16:24:37.326" endtime="20231005 16:24:38.328"/>
</kw>
<kw name="Input Text" library="SeleniumLibrary">
<arg>${Confirm password}</arg>
<arg>${Confirm password_input}</arg>
<doc>Types the given ``text`` into the text field identified by ``locator``.</doc>
<msg timestamp="20231005 16:24:38.330" level="INFO">Typing text 'test123' into text field '//*[@id="ConfirmPassword"]'.</msg>
<status status="PASS" starttime="20231005 16:24:38.328" endtime="20231005 16:24:38.391"/>
</kw>
<kw name="Sleep" library="BuiltIn">
<arg>1s</arg>
<doc>Pauses the test executed for the given time.</doc>
<msg timestamp="20231005 16:24:39.392" level="INFO">Slept 1 second</msg>
<status status="PASS" starttime="20231005 16:24:38.391" endtime="20231005 16:24:39.392"/>
</kw>
<kw name="Click Button" library="SeleniumLibrary">
<arg>${register button}</arg>
<doc>Clicks the button identified by ``locator``.</doc>
<msg timestamp="20231005 16:24:39.393" level="INFO">Clicking button '//*[@id="register-button"]'.</msg>
<status status="PASS" starttime="20231005 16:24:39.393" endtime="20231005 16:24:39.449"/>
</kw>
<kw name="Sleep" library="BuiltIn">
<arg>2s</arg>
<doc>Pauses the test executed for the given time.</doc>
<msg timestamp="20231005 16:24:41.452" level="INFO">Slept 2 seconds</msg>
<status status="PASS" starttime="20231005 16:24:39.449" endtime="20231005 16:24:41.452"/>
</kw>
<status status="PASS" starttime="20231005 16:24:32.682" endtime="20231005 16:24:41.452"/>
</kw>
<kw name="Element Text Should Be" library="SeleniumLibrary">
<arg>${Password_required_message}</arg>
<arg>Password is required.</arg>
<doc>Verifies that element ``locator`` contains exact the text ``expected``.</doc>
<msg timestamp="20231005 16:24:41.454" level="INFO">Verifying element '//span[@for='Password']' contains exact text 'Password is required.'.</msg>
<status status="PASS" starttime="20231005 16:24:41.452" endtime="20231005 16:24:41.484"/>
</kw>
<kw name="Element Text Should Be" library="SeleniumLibrary">
<arg>${confirmPassword_message}</arg>
<arg>The password and confirmation password do not match.</arg>
<doc>Verifies that element ``locator`` contains exact the text ``expected``.</doc>
<msg timestamp="20231005 16:24:41.485" level="INFO">Verifying element '//span[@for='ConfirmPassword']' contains exact text 'The password and confirmation password do not match.'.</msg>
<status status="PASS" starttime="20231005 16:24:41.484" endtime="20231005 16:24:41.499"/>
</kw>
<status status="PASS" starttime="20231005 16:24:32.682" endtime="20231005 16:24:41.499"/>
</test>
<test id="s1-s1-t2" name="Register with empty Confirm Password" line="25">
<kw name="Navigate to url" library="common">
<kw name="Go To" library="SeleniumLibrary">
<arg>${URL}</arg>
<doc>Navigates the current browser window to the provided ``url``.</doc>
<msg timestamp="20231005 16:24:41.500" level="INFO">Opening url 'https://demowebshop.tricentis.com/'</msg>
<status status="PASS" starttime="20231005 16:24:41.500" endtime="20231005 16:24:41.821"/>
</kw>
<status status="PASS" starttime="20231005 16:24:41.499" endtime="20231005 16:24:41.821"/>
</kw>
<kw name="Register to the demo Webshop" library="register_page">
<arg>test123</arg>
<arg>${EMPTY}</arg>
<kw name="Wait Until Page Contains Element" library="SeleniumLibrary">
<arg>${Register Link}</arg>
<arg>timeout=10s</arg>
<doc>Waits until the element ``locator`` appears on the current page.</doc>
<status status="PASS" starttime="20231005 16:24:41.821" endtime="20231005 16:24:41.827"/>
</kw>
<kw name="Click Link" library="SeleniumLibrary">
<arg>${Register Link}</arg>
<doc>Clicks a link identified by ``locator``.</doc>
<msg timestamp="20231005 16:24:41.828" level="INFO">Clicking link '//a[normalize-space()='Register']'.</msg>
<status status="PASS" starttime="20231005 16:24:41.827" endtime="20231005 16:24:42.083"/>
</kw>
<kw name="Sleep" library="BuiltIn">
<arg>1s</arg>
<doc>Pauses the test executed for the given time.</doc>
<msg timestamp="20231005 16:24:43.084" level="INFO">Slept 1 second</msg>
<status status="PASS" starttime="20231005 16:24:42.083" endtime="20231005 16:24:43.084"/>
</kw>
<kw name="Click Element" library="SeleniumLibrary">
<arg>${gender male}</arg>
<doc>Click the element identified by ``locator``.</doc>
<msg timestamp="20231005 16:24:43.086" level="INFO">Clicking element '//*[@id="gender-male"]'.</msg>
<status status="PASS" starttime="20231005 16:24:43.084" endtime="20231005 16:24:43.123"/>
</kw>
<kw name="Sleep" library="BuiltIn">
<arg>1s</arg>
<doc>Pauses the test executed for the given time.</doc>
<msg timestamp="20231005 16:24:44.125" level="INFO">Slept 1 second</msg>
<status status="PASS" starttime="20231005 16:24:43.124" endtime="20231005 16:24:44.126"/>
</kw>
<kw name="Generate Random First Name" library="RandomNameGenerator">
<var>${firstname_random}</var>
<kw name="Create List" library="BuiltIn">
<var>${first_names}</var>
<arg>John</arg>
<arg>Jane</arg>
<arg>Michael</arg>
<arg>Sarah</arg>
<arg>David</arg>
<doc>Returns a list containing given items.</doc>
<msg timestamp="20231005 16:24:44.127" level="INFO">${first_names} = ['John', 'Jane', 'Michael', 'Sarah', 'David']</msg>
<status status="PASS" starttime="20231005 16:24:44.127" endtime="20231005 16:24:44.127"/>
</kw>
<kw name="Evaluate" library="BuiltIn">
<var>${random_first_name}</var>
<arg>random.choice($first_names)</arg>
<doc>Evaluates the given expression in Python and returns the result.</doc>
<msg timestamp="20231005 16:24:44.128" level="INFO">${random_first_name} = Jane</msg>
<status status="PASS" starttime="20231005 16:24:44.127" endtime="20231005 16:24:44.128"/>
</kw>
<msg timestamp="20231005 16:24:44.128" level="INFO">${firstname_random} = Jane</msg>
<status status="PASS" starttime="20231005 16:24:44.126" endtime="20231005 16:24:44.128"/>
</kw>
<kw name="Input Text" library="SeleniumLibrary">
<arg>${first name}</arg>
<arg>${firstname_random}</arg>
<doc>Types the given ``text`` into the text field identified by ``locator``.</doc>
<msg timestamp="20231005 16:24:44.129" level="INFO">Typing text 'Jane' into text field '//*[@id="FirstName"]'.</msg>
<status status="PASS" starttime="20231005 16:24:44.129" endtime="20231005 16:24:44.189"/>
</kw>
<kw name="Generate Random Last Name" library="RandomNameGenerator">
<var>${lastname_random}</var>
<kw name="Create List" library="BuiltIn">
<var>${last_names}</var>
<arg>Smith</arg>
<arg>Johnson</arg>
<arg>Brown</arg>
<arg>Davis</arg>
<arg>Wilson</arg>
<doc>Returns a list containing given items.</doc>
<msg timestamp="20231005 16:24:44.190" level="INFO">${last_names} = ['Smith', 'Johnson', 'Brown', 'Davis', 'Wilson']</msg>
<status status="PASS" starttime="20231005 16:24:44.190" endtime="20231005 16:24:44.190"/>
</kw>
<kw name="Evaluate" library="BuiltIn">
<var>${random_last_name}</var>
<arg>random.choice($last_names)</arg>
<doc>Evaluates the given expression in Python and returns the result.</doc>
<msg timestamp="20231005 16:24:44.190" level="INFO">${random_last_name} = Wilson</msg>
<status status="PASS" starttime="20231005 16:24:44.190" endtime="20231005 16:24:44.190"/>
</kw>
<msg timestamp="20231005 16:24:44.190" level="INFO">${lastname_random} = Wilson</msg>
<status status="PASS" starttime="20231005 16:24:44.190" endtime="20231005 16:24:44.190"/>
</kw>
<kw name="Input Text" library="SeleniumLibrary">
<arg>${last name}</arg>
<arg>${lastname_random}</arg>
<doc>Types the given ``text`` into the text field identified by ``locator``.</doc>
<msg timestamp="20231005 16:24:44.190" level="INFO">Typing text 'Wilson' into text field '//*[@id="LastName"]'.</msg>
<status status="PASS" starttime="20231005 16:24:44.190" endtime="20231005 16:24:44.230"/>
</kw>
<kw name="Sleep" library="BuiltIn">
<arg>1s</arg>
<doc>Pauses the test executed for the given time.</doc>
<msg timestamp="20231005 16:24:45.231" level="INFO">Slept 1 second</msg>
<status status="PASS" starttime="20231005 16:24:44.230" endtime="20231005 16:24:45.231"/>
</kw>
<kw name="Input Text" library="SeleniumLibrary">
<arg>${email field}</arg>
<arg>${email}</arg>
<doc>Types the given ``text`` into the text field identified by ``locator``.</doc>
<msg timestamp="20231005 16:24:45.233" level="INFO">Typing text 'hqyot98bfv@example.com' into text field '//*[@id="Email"]'.</msg>
<status status="PASS" starttime="20231005 16:24:45.231" endtime="20231005 16:24:45.287"/>
</kw>
<kw name="Sleep" library="BuiltIn">
<arg>1s</arg>
<doc>Pauses the test executed for the given time.</doc>
<msg timestamp="20231005 16:24:46.289" level="INFO">Slept 1 second</msg>
<status status="PASS" starttime="20231005 16:24:45.287" endtime="20231005 16:24:46.289"/>
</kw>
<kw name="Input Text" library="SeleniumLibrary">
<arg>${Password}</arg>
<arg>${Password_input}</arg>
<doc>Types the given ``text`` into the text field identified by ``locator``.</doc>
<msg timestamp="20231005 16:24:46.291" level="INFO">Typing text 'test123' into text field '//*[@id="Password"]'.</msg>
<status status="PASS" starttime="20231005 16:24:46.289" endtime="20231005 16:24:46.353"/>
</kw>
<kw name="Sleep" library="BuiltIn">
<arg>1s</arg>
<doc>Pauses the test executed for the given time.</doc>
<msg timestamp="20231005 16:24:47.356" level="INFO">Slept 1 second</msg>
<status status="PASS" starttime="20231005 16:24:46.353" endtime="20231005 16:24:47.356"/>
</kw>
<kw name="Input Text" library="SeleniumLibrary">
<arg>${Confirm password}</arg>
<arg>${Confirm password_input}</arg>
<doc>Types the given ``text`` into the text field identified by ``locator``.</doc>
<msg timestamp="20231005 16:24:47.357" level="INFO">Typing text '' into text field '//*[@id="ConfirmPassword"]'.</msg>
<status status="PASS" starttime="20231005 16:24:47.356" endtime="20231005 16:24:47.413"/>
</kw>
<kw name="Sleep" library="BuiltIn">
<arg>1s</arg>
<doc>Pauses the test executed for the given time.</doc>
<msg timestamp="20231005 16:24:48.415" level="INFO">Slept 1 second</msg>
<status status="PASS" starttime="20231005 16:24:47.413" endtime="20231005 16:24:48.415"/>
</kw>
<kw name="Click Button" library="SeleniumLibrary">
<arg>${register button}</arg>
<doc>Clicks the button identified by ``locator``.</doc>
<msg timestamp="20231005 16:24:48.417" level="INFO">Clicking button '//*[@id="register-button"]'.</msg>
<status status="PASS" starttime="20231005 16:24:48.416" endtime="20231005 16:24:48.461"/>
</kw>
<kw name="Sleep" library="BuiltIn">
<arg>2s</arg>
<doc>Pauses the test executed for the given time.</doc>
<msg timestamp="20231005 16:24:50.464" level="INFO">Slept 2 seconds</msg>
<status status="PASS" starttime="20231005 16:24:48.462" endtime="20231005 16:24:50.464"/>
</kw>
<status status="PASS" starttime="20231005 16:24:41.821" endtime="20231005 16:24:50.464"/>
</kw>
<kw name="Element Text Should Be" library="SeleniumLibrary">
<arg>${confirmPassword_message}</arg>
<arg>Password is required.</arg>
<doc>Verifies that element ``locator`` contains exact the text ``expected``.</doc>
<msg timestamp="20231005 16:24:50.467" level="INFO">Verifying element '//span[@for='ConfirmPassword']' contains exact text 'Password is required.'.</msg>
<status status="PASS" starttime="20231005 16:24:50.465" endtime="20231005 16:24:50.485"/>
</kw>
<status status="PASS" starttime="20231005 16:24:41.499" endtime="20231005 16:24:50.485"/>
</test>
<test id="s1-s1-t3" name="Register with different passwords" line="30">
<kw name="Navigate to url" library="common">
<kw name="Go To" library="SeleniumLibrary">
<arg>${URL}</arg>
<doc>Navigates the current browser window to the provided ``url``.</doc>
<msg timestamp="20231005 16:24:50.486" level="INFO">Opening url 'https://demowebshop.tricentis.com/'</msg>
<status status="PASS" starttime="20231005 16:24:50.486" endtime="20231005 16:24:50.930"/>
</kw>
<status status="PASS" starttime="20231005 16:24:50.486" endtime="20231005 16:24:50.930"/>
</kw>
<kw name="Register to the demo Webshop" library="register_page">
<arg>test123</arg>
<arg>test12345</arg>
<kw name="Wait Until Page Contains Element" library="SeleniumLibrary">
<arg>${Register Link}</arg>
<arg>timeout=10s</arg>
<doc>Waits until the element ``locator`` appears on the current page.</doc>
<status status="PASS" starttime="20231005 16:24:50.930" endtime="20231005 16:24:50.936"/>
</kw>
<kw name="Click Link" library="SeleniumLibrary">
<arg>${Register Link}</arg>
<doc>Clicks a link identified by ``locator``.</doc>
<msg timestamp="20231005 16:24:50.937" level="INFO">Clicking link '//a[normalize-space()='Register']'.</msg>
<status status="PASS" starttime="20231005 16:24:50.936" endtime="20231005 16:24:51.413"/>
</kw>
<kw name="Sleep" library="BuiltIn">
<arg>1s</arg>
<doc>Pauses the test executed for the given time.</doc>
<msg timestamp="20231005 16:24:52.414" level="INFO">Slept 1 second</msg>
<status status="PASS" starttime="20231005 16:24:51.413" endtime="20231005 16:24:52.414"/>
</kw>
<kw name="Click Element" library="SeleniumLibrary">
<arg>${gender male}</arg>
<doc>Click the element identified by ``locator``.</doc>
<msg timestamp="20231005 16:24:52.416" level="INFO">Clicking element '//*[@id="gender-male"]'.</msg>
<status status="PASS" starttime="20231005 16:24:52.415" endtime="20231005 16:24:52.454"/>
</kw>
<kw name="Sleep" library="BuiltIn">
<arg>1s</arg>
<doc>Pauses the test executed for the given time.</doc>
<msg timestamp="20231005 16:24:53.456" level="INFO">Slept 1 second</msg>
<status status="PASS" starttime="20231005 16:24:52.454" endtime="20231005 16:24:53.457"/>
</kw>
<kw name="Generate Random First Name" library="RandomNameGenerator">
<var>${firstname_random}</var>
<kw name="Create List" library="BuiltIn">
<var>${first_names}</var>
<arg>John</arg>
<arg>Jane</arg>
<arg>Michael</arg>
<arg>Sarah</arg>
<arg>David</arg>
<doc>Returns a list containing given items.</doc>
<msg timestamp="20231005 16:24:53.458" level="INFO">${first_names} = ['John', 'Jane', 'Michael', 'Sarah', 'David']</msg>
<status status="PASS" starttime="20231005 16:24:53.458" endtime="20231005 16:24:53.458"/>
</kw>
<kw name="Evaluate" library="BuiltIn">
<var>${random_first_name}</var>
<arg>random.choice($first_names)</arg>
<doc>Evaluates the given expression in Python and returns the result.</doc>
<msg timestamp="20231005 16:24:53.459" level="INFO">${random_first_name} = Sarah</msg>
<status status="PASS" starttime="20231005 16:24:53.458" endtime="20231005 16:24:53.459"/>
</kw>
<msg timestamp="20231005 16:24:53.459" level="INFO">${firstname_random} = Sarah</msg>
<status status="PASS" starttime="20231005 16:24:53.457" endtime="20231005 16:24:53.459"/>
</kw>
<kw name="Input Text" library="SeleniumLibrary">
<arg>${first name}</arg>
<arg>${firstname_random}</arg>
<doc>Types the given ``text`` into the text field identified by ``locator``.</doc>
<msg timestamp="20231005 16:24:53.460" level="INFO">Typing text 'Sarah' into text field '//*[@id="FirstName"]'.</msg>
<status status="PASS" starttime="20231005 16:24:53.460" endtime="20231005 16:24:53.521"/>
</kw>
<kw name="Generate Random Last Name" library="RandomNameGenerator">
<var>${lastname_random}</var>
<kw name="Create List" library="BuiltIn">
<var>${last_names}</var>
<arg>Smith</arg>
<arg>Johnson</arg>
<arg>Brown</arg>
<arg>Davis</arg>
<arg>Wilson</arg>
<doc>Returns a list containing given items.</doc>
<msg timestamp="20231005 16:24:53.521" level="INFO">${last_names} = ['Smith', 'Johnson', 'Brown', 'Davis', 'Wilson']</msg>
<status status="PASS" starttime="20231005 16:24:53.521" endtime="20231005 16:24:53.521"/>
</kw>
<kw name="Evaluate" library="BuiltIn">
<var>${random_last_name}</var>
<arg>random.choice($last_names)</arg>
<doc>Evaluates the given expression in Python and returns the result.</doc>
<msg timestamp="20231005 16:24:53.521" level="INFO">${random_last_name} = Wilson</msg>
<status status="PASS" starttime="20231005 16:24:53.521" endtime="20231005 16:24:53.521"/>
</kw>
<msg timestamp="20231005 16:24:53.522" level="INFO">${lastname_random} = Wilson</msg>
<status status="PASS" starttime="20231005 16:24:53.521" endtime="20231005 16:24:53.522"/>
</kw>
<kw name="Input Text" library="SeleniumLibrary">
<arg>${last name}</arg>
<arg>${lastname_random}</arg>
<doc>Types the given ``text`` into the text field identified by ``locator``.</doc>
<msg timestamp="20231005 16:24:53.522" level="INFO">Typing text 'Wilson' into text field '//*[@id="LastName"]'.</msg>
<status status="PASS" starttime="20231005 16:24:53.522" endtime="20231005 16:24:53.559"/>
</kw>
<kw name="Sleep" library="BuiltIn">
<arg>1s</arg>
<doc>Pauses the test executed for the given time.</doc>
<msg timestamp="20231005 16:24:54.559" level="INFO">Slept 1 second</msg>
<status status="PASS" starttime="20231005 16:24:53.559" endtime="20231005 16:24:54.560"/>
</kw>
<kw name="Input Text" library="SeleniumLibrary">
<arg>${email field}</arg>
<arg>${email}</arg>
<doc>Types the given ``text`` into the text field identified by ``locator``.</doc>
<msg timestamp="20231005 16:24:54.561" level="INFO">Typing text 'hqyot98bfv@example.com' into text field '//*[@id="Email"]'.</msg>
<status status="PASS" starttime="20231005 16:24:54.560" endtime="20231005 16:24:54.627"/>
</kw>
<kw name="Sleep" library="BuiltIn">
<arg>1s</arg>
<doc>Pauses the test executed for the given time.</doc>
<msg timestamp="20231005 16:24:55.630" level="INFO">Slept 1 second</msg>
<status status="PASS" starttime="20231005 16:24:54.627" endtime="20231005 16:24:55.630"/>
</kw>
<kw name="Input Text" library="SeleniumLibrary">
<arg>${Password}</arg>
<arg>${Password_input}</arg>
<doc>Types the given ``text`` into the text field identified by ``locator``.</doc>
<msg timestamp="20231005 16:24:55.632" level="INFO">Typing text 'test123' into text field '//*[@id="Password"]'.</msg>
<status status="PASS" starttime="20231005 16:24:55.630" endtime="20231005 16:24:55.696"/>
</kw>
<kw name="Sleep" library="BuiltIn">
<arg>1s</arg>
<doc>Pauses the test executed for the given time.</doc>
<msg timestamp="20231005 16:24:56.698" level="INFO">Slept 1 second</msg>
<status status="PASS" starttime="20231005 16:24:55.696" endtime="20231005 16:24:56.698"/>
</kw>
<kw name="Input Text" library="SeleniumLibrary">
<arg>${Confirm password}</arg>
<arg>${Confirm password_input}</arg>
<doc>Types the given ``text`` into the text field identified by ``locator``.</doc>
<msg timestamp="20231005 16:24:56.700" level="INFO">Typing text 'test12345' into text field '//*[@id="ConfirmPassword"]'.</msg>
<status status="PASS" starttime="20231005 16:24:56.698" endtime="20231005 16:24:56.762"/>
</kw>
<kw name="Sleep" library="BuiltIn">
<arg>1s</arg>
<doc>Pauses the test executed for the given time.</doc>
<msg timestamp="20231005 16:24:57.762" level="INFO">Slept 1 second</msg>
<status status="PASS" starttime="20231005 16:24:56.762" endtime="20231005 16:24:57.763"/>
</kw>
<kw name="Click Button" library="SeleniumLibrary">
<arg>${register button}</arg>
<doc>Clicks the button identified by ``locator``.</doc>
<msg timestamp="20231005 16:24:57.764" level="INFO">Clicking button '//*[@id="register-button"]'.</msg>
<status status="PASS" starttime="20231005 16:24:57.763" endtime="20231005 16:24:57.809"/>
</kw>
<kw name="Sleep" library="BuiltIn">
<arg>2s</arg>
<doc>Pauses the test executed for the given time.</doc>
<msg timestamp="20231005 16:24:59.810" level="INFO">Slept 2 seconds</msg>
<status status="PASS" starttime="20231005 16:24:57.809" endtime="20231005 16:24:59.810"/>
</kw>
<status status="PASS" starttime="20231005 16:24:50.930" endtime="20231005 16:24:59.810"/>
</kw>
<kw name="Element Text Should Be" library="SeleniumLibrary">
<arg>${confirmPassword_message}</arg>
<arg>The password and confirmation password do not match.</arg>
<doc>Verifies that element ``locator`` contains exact the text ``expected``.</doc>
<msg timestamp="20231005 16:24:59.813" level="INFO">Verifying element '//span[@for='ConfirmPassword']' contains exact text 'The password and confirmation password do not match.'.</msg>
<status status="PASS" starttime="20231005 16:24:59.811" endtime="20231005 16:24:59.832"/>
</kw>
<status status="PASS" starttime="20231005 16:24:50.486" endtime="20231005 16:24:59.832"/>
</test>
<test id="s1-s1-t4" name="Register with valid data" line="36">
<kw name="Navigate to url" library="common">
<kw name="Go To" library="SeleniumLibrary">
<arg>${URL}</arg>
<doc>Navigates the current browser window to the provided ``url``.</doc>
<msg timestamp="20231005 16:24:59.833" level="INFO">Opening url 'https://demowebshop.tricentis.com/'</msg>
<status status="PASS" starttime="20231005 16:24:59.833" endtime="20231005 16:25:00.183"/>
</kw>
<status status="PASS" starttime="20231005 16:24:59.833" endtime="20231005 16:25:00.183"/>
</kw>
<kw name="Register to the demo Webshop" library="register_page">
<arg>test123</arg>
<arg>test123</arg>
<kw name="Wait Until Page Contains Element" library="SeleniumLibrary">
<arg>${Register Link}</arg>
<arg>timeout=10s</arg>
<doc>Waits until the element ``locator`` appears on the current page.</doc>
<status status="PASS" starttime="20231005 16:25:00.184" endtime="20231005 16:25:00.196"/>
</kw>
<kw name="Click Link" library="SeleniumLibrary">
<arg>${Register Link}</arg>
<doc>Clicks a link identified by ``locator``.</doc>
<msg timestamp="20231005 16:25:00.196" level="INFO">Clicking link '//a[normalize-space()='Register']'.</msg>
<status status="PASS" starttime="20231005 16:25:00.196" endtime="20231005 16:25:00.450"/>
</kw>
<kw name="Sleep" library="BuiltIn">
<arg>1s</arg>
<doc>Pauses the test executed for the given time.</doc>
<msg timestamp="20231005 16:25:01.451" level="INFO">Slept 1 second</msg>
<status status="PASS" starttime="20231005 16:25:00.450" endtime="20231005 16:25:01.451"/>
</kw>
<kw name="Click Element" library="SeleniumLibrary">
<arg>${gender male}</arg>
<doc>Click the element identified by ``locator``.</doc>
<msg timestamp="20231005 16:25:01.453" level="INFO">Clicking element '//*[@id="gender-male"]'.</msg>
<status status="PASS" starttime="20231005 16:25:01.452" endtime="20231005 16:25:01.490"/>
</kw>
<kw name="Sleep" library="BuiltIn">
<arg>1s</arg>
<doc>Pauses the test executed for the given time.</doc>
<msg timestamp="20231005 16:25:02.491" level="INFO">Slept 1 second</msg>
<status status="PASS" starttime="20231005 16:25:01.490" endtime="20231005 16:25:02.491"/>
</kw>
<kw name="Generate Random First Name" library="RandomNameGenerator">
<var>${firstname_random}</var>
<kw name="Create List" library="BuiltIn">
<var>${first_names}</var>
<arg>John</arg>
<arg>Jane</arg>
<arg>Michael</arg>
<arg>Sarah</arg>
<arg>David</arg>
<doc>Returns a list containing given items.</doc>
<msg timestamp="20231005 16:25:02.493" level="INFO">${first_names} = ['John', 'Jane', 'Michael', 'Sarah', 'David']</msg>
<status status="PASS" starttime="20231005 16:25:02.492" endtime="20231005 16:25:02.493"/>
</kw>
<kw name="Evaluate" library="BuiltIn">
<var>${random_first_name}</var>
<arg>random.choice($first_names)</arg>
<doc>Evaluates the given expression in Python and returns the result.</doc>
<msg timestamp="20231005 16:25:02.493" level="INFO">${random_first_name} = Jane</msg>
<status status="PASS" starttime="20231005 16:25:02.493" endtime="20231005 16:25:02.493"/>
</kw>
<msg timestamp="20231005 16:25:02.494" level="INFO">${firstname_random} = Jane</msg>
<status status="PASS" starttime="20231005 16:25:02.491" endtime="20231005 16:25:02.494"/>
</kw>
<kw name="Input Text" library="SeleniumLibrary">
<arg>${first name}</arg>
<arg>${firstname_random}</arg>
<doc>Types the given ``text`` into the text field identified by ``locator``.</doc>
<msg timestamp="20231005 16:25:02.495" level="INFO">Typing text 'Jane' into text field '//*[@id="FirstName"]'.</msg>
<status status="PASS" starttime="20231005 16:25:02.494" endtime="20231005 16:25:02.555"/>
</kw>
<kw name="Generate Random Last Name" library="RandomNameGenerator">
<var>${lastname_random}</var>
<kw name="Create List" library="BuiltIn">
<var>${last_names}</var>
<arg>Smith</arg>
<arg>Johnson</arg>
<arg>Brown</arg>
<arg>Davis</arg>
<arg>Wilson</arg>
<doc>Returns a list containing given items.</doc>
<msg timestamp="20231005 16:25:02.556" level="INFO">${last_names} = ['Smith', 'Johnson', 'Brown', 'Davis', 'Wilson']</msg>
<status status="PASS" starttime="20231005 16:25:02.555" endtime="20231005 16:25:02.556"/>
</kw>
<kw name="Evaluate" library="BuiltIn">
<var>${random_last_name}</var>
<arg>random.choice($last_names)</arg>
<doc>Evaluates the given expression in Python and returns the result.</doc>
<msg timestamp="20231005 16:25:02.556" level="INFO">${random_last_name} = Smith</msg>
<status status="PASS" starttime="20231005 16:25:02.556" endtime="20231005 16:25:02.556"/>
</kw>
<msg timestamp="20231005 16:25:02.556" level="INFO">${lastname_random} = Smith</msg>
<status status="PASS" starttime="20231005 16:25:02.555" endtime="20231005 16:25:02.556"/>
</kw>
<kw name="Input Text" library="SeleniumLibrary">
<arg>${last name}</arg>
<arg>${lastname_random}</arg>
<doc>Types the given ``text`` into the text field identified by ``locator``.</doc>
<msg timestamp="20231005 16:25:02.556" level="INFO">Typing text 'Smith' into text field '//*[@id="LastName"]'.</msg>
<status status="PASS" starttime="20231005 16:25:02.556" endtime="20231005 16:25:02.594"/>
</kw>
<kw name="Sleep" library="BuiltIn">
<arg>1s</arg>
<doc>Pauses the test executed for the given time.</doc>
<msg timestamp="20231005 16:25:03.594" level="INFO">Slept 1 second</msg>
<status status="PASS" starttime="20231005 16:25:02.594" endtime="20231005 16:25:03.595"/>
</kw>
<kw name="Input Text" library="SeleniumLibrary">
<arg>${email field}</arg>
<arg>${email}</arg>
<doc>Types the given ``text`` into the text field identified by ``locator``.</doc>
<msg timestamp="20231005 16:25:03.596" level="INFO">Typing text 'hqyot98bfv@example.com' into text field '//*[@id="Email"]'.</msg>
<status status="PASS" starttime="20231005 16:25:03.595" endtime="20231005 16:25:03.664"/>
</kw>
<kw name="Sleep" library="BuiltIn">
<arg>1s</arg>
<doc>Pauses the test executed for the given time.</doc>
<msg timestamp="20231005 16:25:04.667" level="INFO">Slept 1 second</msg>
<status status="PASS" starttime="20231005 16:25:03.664" endtime="20231005 16:25:04.667"/>
</kw>
<kw name="Input Text" library="SeleniumLibrary">
<arg>${Password}</arg>
<arg>${Password_input}</arg>
<doc>Types the given ``text`` into the text field identified by ``locator``.</doc>
<msg timestamp="20231005 16:25:04.669" level="INFO">Typing text 'test123' into text field '//*[@id="Password"]'.</msg>
<status status="PASS" starttime="20231005 16:25:04.667" endtime="20231005 16:25:04.734"/>
</kw>
<kw name="Sleep" library="BuiltIn">
<arg>1s</arg>
<doc>Pauses the test executed for the given time.</doc>
<msg timestamp="20231005 16:25:05.736" level="INFO">Slept 1 second</msg>
<status status="PASS" starttime="20231005 16:25:04.734" endtime="20231005 16:25:05.736"/>
</kw>
<kw name="Input Text" library="SeleniumLibrary">
<arg>${Confirm password}</arg>
<arg>${Confirm password_input}</arg>
<doc>Types the given ``text`` into the text field identified by ``locator``.</doc>
<msg timestamp="20231005 16:25:05.738" level="INFO">Typing text 'test123' into text field '//*[@id="ConfirmPassword"]'.</msg>
<status status="PASS" starttime="20231005 16:25:05.736" endtime="20231005 16:25:05.798"/>
</kw>
<kw name="Sleep" library="BuiltIn">
<arg>1s</arg>
<doc>Pauses the test executed for the given time.</doc>
<msg timestamp="20231005 16:25:06.799" level="INFO">Slept 1 second</msg>
<status status="PASS" starttime="20231005 16:25:05.799" endtime="20231005 16:25:06.800"/>
</kw>
<kw name="Click Button" library="SeleniumLibrary">
<arg>${register button}</arg>
<doc>Clicks the button identified by ``locator``.</doc>
<msg timestamp="20231005 16:25:06.801" level="INFO">Clicking button '//*[@id="register-button"]'.</msg>
<status status="PASS" starttime="20231005 16:25:06.800" endtime="20231005 16:25:07.543"/>
</kw>
<kw name="Sleep" library="BuiltIn">
<arg>2s</arg>
<doc>Pauses the test executed for the given time.</doc>
<msg timestamp="20231005 16:25:09.545" level="INFO">Slept 2 seconds</msg>
<status status="PASS" starttime="20231005 16:25:07.543" endtime="20231005 16:25:09.545"/>
</kw>
<status status="PASS" starttime="20231005 16:25:00.183" endtime="20231005 16:25:09.545"/>
</kw>
<kw name="Element Text Should Be" library="SeleniumLibrary">
<arg>${register succesfull}</arg>
<arg>Your registration completed</arg>
<doc>Verifies that element ``locator`` contains exact the text ``expected``.</doc>
<msg timestamp="20231005 16:25:09.548" level="INFO">Verifying element '//div[@class='result']' contains exact text 'Your registration completed'.</msg>
<status status="PASS" starttime="20231005 16:25:09.546" endtime="20231005 16:25:09.571"/>
</kw>
<kw name="Click Button" library="SeleniumLibrary">
<arg>${continue button}</arg>
<doc>Clicks the button identified by ``locator``.</doc>
<msg timestamp="20231005 16:25:09.571" level="INFO">Clicking button '//input[@value='Continue']'.</msg>
<status status="PASS" starttime="20231005 16:25:09.571" endtime="20231005 16:25:10.249"/>
</kw>
<kw name="Element Text Should Be" library="SeleniumLibrary">
<arg>${customer info}</arg>
<arg>${email}</arg>
<doc>Verifies that element ``locator`` contains exact the text ``expected``.</doc>
<msg timestamp="20231005 16:25:10.249" level="INFO">Verifying element '//a[@href='/customer/info']' contains exact text 'hqyot98bfv@example.com'.</msg>
<status status="PASS" starttime="20231005 16:25:10.249" endtime="20231005 16:25:10.262"/>
</kw>
<kw name="Logout" library="register_page">
<kw name="Click Link" library="SeleniumLibrary">
<arg>${Log out button}</arg>
<doc>Clicks a link identified by ``locator``.</doc>
<msg timestamp="20231005 16:25:10.263" level="INFO">Clicking link '//a[normalize-space()='Log out']'.</msg>
<status status="PASS" starttime="20231005 16:25:10.262" endtime="20231005 16:25:10.851"/>
</kw>
<status status="PASS" starttime="20231005 16:25:10.262" endtime="20231005 16:25:10.851"/>
</kw>
<status status="PASS" starttime="20231005 16:24:59.833" endtime="20231005 16:25:10.851"/>
</test>
<status status="PASS" starttime="20231005 16:24:29.380" endtime="20231005 16:25:10.852"/>
</suite>
<suite id="s1-s2" name="2. Login" source="/Users/suleymanoguz/Documents/RobotFramework/tests/2. Login.robot">
<kw name="Open the browser" library="common" type="SETUP">
<kw name="Open Browser" library="SeleniumLibrary">
<arg>${URL}</arg>
<arg>${BROWSER}</arg>
<doc>Opens a new browser instance to the optional ``url``.</doc>
<msg timestamp="20231005 16:25:10.861" level="INFO">Opening browser 'chrome' to base url 'https://demowebshop.tricentis.com/'.</msg>
<status status="PASS" starttime="20231005 16:25:10.860" endtime="20231005 16:25:16.788"/>
</kw>
<status status="PASS" starttime="20231005 16:25:10.860" endtime="20231005 16:25:16.788"/>
</kw>
<test id="s1-s2-t1" name="Login with valid data" line="20">
<kw name="Login to the demo Webshop" library="login_page">
<arg>${email}</arg>
<arg>test123</arg>
<kw name="Sleep" library="BuiltIn">
<arg>1s</arg>
<doc>Pauses the test executed for the given time.</doc>
<msg timestamp="20231005 16:25:17.791" level="INFO">Slept 1 second</msg>
<status status="PASS" starttime="20231005 16:25:16.789" endtime="20231005 16:25:17.791"/>
</kw>
<kw name="Click Link" library="SeleniumLibrary">
<arg>${Log in Input}</arg>
<doc>Clicks a link identified by ``locator``.</doc>
<msg timestamp="20231005 16:25:17.792" level="INFO">Clicking link '//a[normalize-space()='Log in']'.</msg>
<status status="PASS" starttime="20231005 16:25:17.791" endtime="20231005 16:25:18.092"/>
</kw>
<kw name="Sleep" library="BuiltIn">
<arg>1s</arg>
<doc>Pauses the test executed for the given time.</doc>
<msg timestamp="20231005 16:25:19.093" level="INFO">Slept 1 second</msg>
<status status="PASS" starttime="20231005 16:25:18.092" endtime="20231005 16:25:19.093"/>
</kw>
<kw name="Input Text" library="SeleniumLibrary">
<arg>${email_login}</arg>
<arg>${email_input}</arg>
<doc>Types the given ``text`` into the text field identified by ``locator``.</doc>
<msg timestamp="20231005 16:25:19.095" level="INFO">Typing text 'hqyot98bfv@example.com' into text field '//*[@id="Email"]'.</msg>
<status status="PASS" starttime="20231005 16:25:19.094" endtime="20231005 16:25:19.190"/>
</kw>
<kw name="Sleep" library="BuiltIn">
<arg>1s</arg>
<doc>Pauses the test executed for the given time.</doc>
<msg timestamp="20231005 16:25:20.192" level="INFO">Slept 1 second</msg>
<status status="PASS" starttime="20231005 16:25:19.190" endtime="20231005 16:25:20.192"/>
</kw>
<kw name="Input Text" library="SeleniumLibrary">
<arg>${password_login}</arg>
<arg>${password_input}</arg>
<doc>Types the given ``text`` into the text field identified by ``locator``.</doc>
<msg timestamp="20231005 16:25:20.193" level="INFO">Typing text 'test123' into text field '//*[@id="Password"]'.</msg>
<status status="PASS" starttime="20231005 16:25:20.192" endtime="20231005 16:25:20.257"/>
</kw>
<kw name="Sleep" library="BuiltIn">
<arg>1s</arg>
<doc>Pauses the test executed for the given time.</doc>
<msg timestamp="20231005 16:25:21.259" level="INFO">Slept 1 second</msg>
<status status="PASS" starttime="20231005 16:25:20.257" endtime="20231005 16:25:21.259"/>
</kw>
<kw name="Click Element" library="SeleniumLibrary">
<arg>${login button}</arg>
<doc>Click the element identified by ``locator``.</doc>
<msg timestamp="20231005 16:25:21.261" level="INFO">Clicking element '//input[@value='Log in']'.</msg>
<status status="PASS" starttime="20231005 16:25:21.260" endtime="20231005 16:25:21.666"/>
</kw>
<kw name="Sleep" library="BuiltIn">
<arg>2s</arg>
<doc>Pauses the test executed for the given time.</doc>
<msg timestamp="20231005 16:25:23.669" level="INFO">Slept 2 seconds</msg>
<status status="PASS" starttime="20231005 16:25:21.666" endtime="20231005 16:25:23.669"/>
</kw>
<status status="PASS" starttime="20231005 16:25:16.789" endtime="20231005 16:25:23.669"/>
</kw>
<kw name="Sleep" library="BuiltIn">
<arg>1s</arg>
<doc>Pauses the test executed for the given time.</doc>
<msg timestamp="20231005 16:25:24.670" level="INFO">Slept 1 second</msg>
<status status="PASS" starttime="20231005 16:25:23.669" endtime="20231005 16:25:24.670"/>
</kw>
<kw name="Logout" library="register_page">
<kw name="Click Link" library="SeleniumLibrary">
<arg>${Log out button}</arg>
<doc>Clicks a link identified by ``locator``.</doc>
<msg timestamp="20231005 16:25:24.673" level="INFO">Clicking link '//a[normalize-space()='Log out']'.</msg>
<status status="PASS" starttime="20231005 16:25:24.672" endtime="20231005 16:25:25.618"/>
</kw>
<status status="PASS" starttime="20231005 16:25:24.671" endtime="20231005 16:25:25.618"/>
</kw>
<status status="PASS" starttime="20231005 16:25:16.788" endtime="20231005 16:25:25.618"/>
</test>
<test id="s1-s2-t2" name="Login with wrong password" line="25">
<kw name="Navigate to url" library="common">
<kw name="Go To" library="SeleniumLibrary">
<arg>${URL}</arg>
<doc>Navigates the current browser window to the provided ``url``.</doc>
<msg timestamp="20231005 16:25:25.619" level="INFO">Opening url 'https://demowebshop.tricentis.com/'</msg>
<status status="PASS" starttime="20231005 16:25:25.619" endtime="20231005 16:25:25.904"/>
</kw>
<status status="PASS" starttime="20231005 16:25:25.619" endtime="20231005 16:25:25.904"/>
</kw>
<kw name="Login to the demo Webshop" library="login_page">
<arg>${email}</arg>
<arg>test12345</arg>
<kw name="Sleep" library="BuiltIn">
<arg>1s</arg>
<doc>Pauses the test executed for the given time.</doc>
<msg timestamp="20231005 16:25:26.907" level="INFO">Slept 1 second</msg>
<status status="PASS" starttime="20231005 16:25:25.905" endtime="20231005 16:25:26.907"/>
</kw>
<kw name="Click Link" library="SeleniumLibrary">
<arg>${Log in Input}</arg>
<doc>Clicks a link identified by ``locator``.</doc>
<msg timestamp="20231005 16:25:26.908" level="INFO">Clicking link '//a[normalize-space()='Log in']'.</msg>
<status status="PASS" starttime="20231005 16:25:26.907" endtime="20231005 16:25:27.162"/>
</kw>
<kw name="Sleep" library="BuiltIn">
<arg>1s</arg>
<doc>Pauses the test executed for the given time.</doc>
<msg timestamp="20231005 16:25:28.165" level="INFO">Slept 1 second</msg>
<status status="PASS" starttime="20231005 16:25:27.162" endtime="20231005 16:25:28.165"/>
</kw>
<kw name="Input Text" library="SeleniumLibrary">
<arg>${email_login}</arg>
<arg>${email_input}</arg>
<doc>Types the given ``text`` into the text field identified by ``locator``.</doc>
<msg timestamp="20231005 16:25:28.167" level="INFO">Typing text 'hqyot98bfv@example.com' into text field '//*[@id="Email"]'.</msg>
<status status="PASS" starttime="20231005 16:25:28.166" endtime="20231005 16:25:28.224"/>
</kw>
<kw name="Sleep" library="BuiltIn">
<arg>1s</arg>
<doc>Pauses the test executed for the given time.</doc>
<msg timestamp="20231005 16:25:29.225" level="INFO">Slept 1 second</msg>
<status status="PASS" starttime="20231005 16:25:28.224" endtime="20231005 16:25:29.225"/>
</kw>
<kw name="Input Text" library="SeleniumLibrary">
<arg>${password_login}</arg>
<arg>${password_input}</arg>
<doc>Types the given ``text`` into the text field identified by ``locator``.</doc>
<msg timestamp="20231005 16:25:29.226" level="INFO">Typing text 'test12345' into text field '//*[@id="Password"]'.</msg>
<status status="PASS" starttime="20231005 16:25:29.226" endtime="20231005 16:25:29.285"/>
</kw>
<kw name="Sleep" library="BuiltIn">
<arg>1s</arg>
<doc>Pauses the test executed for the given time.</doc>
<msg timestamp="20231005 16:25:30.287" level="INFO">Slept 1 second</msg>
<status status="PASS" starttime="20231005 16:25:29.286" endtime="20231005 16:25:30.288"/>
</kw>
<kw name="Click Element" library="SeleniumLibrary">
<arg>${login button}</arg>
<doc>Click the element identified by ``locator``.</doc>
<msg timestamp="20231005 16:25:30.290" level="INFO">Clicking element '//input[@value='Log in']'.</msg>
<status status="PASS" starttime="20231005 16:25:30.288" endtime="20231005 16:25:30.566"/>
</kw>
<kw name="Sleep" library="BuiltIn">
<arg>2s</arg>
<doc>Pauses the test executed for the given time.</doc>
<msg timestamp="20231005 16:25:32.566" level="INFO">Slept 2 seconds</msg>
<status status="PASS" starttime="20231005 16:25:30.566" endtime="20231005 16:25:32.567"/>
</kw>
<status status="PASS" starttime="20231005 16:25:25.904" endtime="20231005 16:25:32.567"/>
</kw>
<kw name="Sleep" library="BuiltIn">
<arg>1s</arg>
<doc>Pauses the test executed for the given time.</doc>
<msg timestamp="20231005 16:25:33.569" level="INFO">Slept 1 second</msg>
<status status="PASS" starttime="20231005 16:25:32.567" endtime="20231005 16:25:33.570"/>
</kw>
<status status="PASS" starttime="20231005 16:25:25.618" endtime="20231005 16:25:33.570"/>
</test>
<status status="PASS" starttime="20231005 16:25:10.852" endtime="20231005 16:25:33.570"/>
</suite>
<status status="PASS" starttime="20231005 16:24:29.373" endtime="20231005 16:25:33.571"/>
</suite>
<statistics>
<total>
<stat pass="6" fail="0" skip="0">All Tests</stat>
</total>
<tag>
</tag>
<suite>
<stat pass="6" fail="0" skip="0" id="s1" name="Tests">Tests</stat>
<stat pass="4" fail="0" skip="0" id="s1-s1" name="1. Register">Tests.1. Register</stat>
<stat pass="2" fail="0" skip="0" id="s1-s2" name="2. Login">Tests.2. Login</stat>
</suite>
</statistics>
<errors>
<msg timestamp="20231005 16:24:29.452" level="ERROR">Error in file '/Users/suleymanoguz/Documents/RobotFramework/Resources/PO/login_page.robot' on line 3: Importing library 'RPA.Desktop' failed: ModuleNotFoundError: No module named 'RPA'
Traceback (most recent call last):
  None
PYTHONPATH:
  /Library/Frameworks/Python.framework/Versions/3.11/bin
  /Library/Frameworks/Python.framework/Versions/3.11/lib/python311.zip
  /Library/Frameworks/Python.framework/Versions/3.11/lib/python3.11
  /Library/Frameworks/Python.framework/Versions/3.11/lib/python3.11/lib-dynload
  /Library/Frameworks/Python.framework/Versions/3.11/lib/python3.11/site-packages</msg>
<msg timestamp="20231005 16:24:29.455" level="ERROR">Error in file '/Users/suleymanoguz/Documents/RobotFramework/Resources/PO/register_page.robot' on line 3: Importing library 'RPA.Desktop' failed: ModuleNotFoundError: No module named 'RPA'
Traceback (most recent call last):
  None
PYTHONPATH:
  /Library/Frameworks/Python.framework/Versions/3.11/bin
  /Library/Frameworks/Python.framework/Versions/3.11/lib/python311.zip
  /Library/Frameworks/Python.framework/Versions/3.11/lib/python3.11
  /Library/Frameworks/Python.framework/Versions/3.11/lib/python3.11/lib-dynload
  /Library/Frameworks/Python.framework/Versions/3.11/lib/python3.11/site-packages</msg>
<msg timestamp="20231005 16:24:29.455" level="ERROR">Error in file '/Users/suleymanoguz/Documents/RobotFramework/Resources/PO/login_page.robot' on line 8: Processing variable file '../RandomNameGenerator.robot' failed: Importing variable file '../RandomNameGenerator.robot' failed: ModuleNotFoundError: No module named '.'
Traceback (most recent call last):
  None
PYTHONPATH:
  /Library/Frameworks/Python.framework/Versions/3.11/bin
  /Library/Frameworks/Python.framework/Versions/3.11/lib/python311.zip
  /Library/Frameworks/Python.framework/Versions/3.11/lib/python3.11
  /Library/Frameworks/Python.framework/Versions/3.11/lib/python3.11/lib-dynload
  /Library/Frameworks/Python.framework/Versions/3.11/lib/python3.11/site-packages</msg>
<msg timestamp="20231005 16:24:29.456" level="ERROR">Error in file '/Users/suleymanoguz/Documents/RobotFramework/Resources/PO/home_page.robot' on line 3: Importing library 'RPA.Desktop' failed: ModuleNotFoundError: No module named 'RPA'
Traceback (most recent call last):
  None
PYTHONPATH:
  /Library/Frameworks/Python.framework/Versions/3.11/bin
  /Library/Frameworks/Python.framework/Versions/3.11/lib/python311.zip
  /Library/Frameworks/Python.framework/Versions/3.11/lib/python3.11
  /Library/Frameworks/Python.framework/Versions/3.11/lib/python3.11/lib-dynload
  /Library/Frameworks/Python.framework/Versions/3.11/lib/python3.11/site-packages</msg>
<msg timestamp="20231005 16:24:29.457" level="ERROR">Error in file '/Users/suleymanoguz/Documents/RobotFramework/Resources/PO/home_page.robot' on line 4: Resource file '../Resources/Locators.robot' does not exist.</msg>
<msg timestamp="20231005 16:24:29.457" level="ERROR">Error in file '/Users/suleymanoguz/Documents/RobotFramework/Resources/PO/home_page.robot' on line 5: Resource file '../Resources/common.robot' does not exist.</msg>
<msg timestamp="20231005 16:24:29.457" level="ERROR">Error in file '/Users/suleymanoguz/Documents/RobotFramework/Resources/PO/home_page.robot' on line 6: Resource file '../Resources/PO/register_page.robot' does not exist.</msg>
<msg timestamp="20231005 16:24:29.459" level="ERROR">Error in file '/Users/suleymanoguz/Documents/RobotFramework/Resources/PO/checkout_page.robot' on line 90: Creating keyword 'Checkout as an user' failed: User keyword cannot be empty.</msg>
<msg timestamp="20231005 16:25:10.855" level="ERROR">Error in file '/Users/suleymanoguz/Documents/RobotFramework/Resources/PO/login_page.robot' on line 3: Importing library 'RPA.Desktop' failed: ModuleNotFoundError: No module named 'RPA'
Traceback (most recent call last):
  None
PYTHONPATH:
  /Library/Frameworks/Python.framework/Versions/3.11/bin
  /Library/Frameworks/Python.framework/Versions/3.11/lib/python311.zip
  /Library/Frameworks/Python.framework/Versions/3.11/lib/python3.11
  /Library/Frameworks/Python.framework/Versions/3.11/lib/python3.11/lib-dynload
  /Library/Frameworks/Python.framework/Versions/3.11/lib/python3.11/site-packages</msg>
<msg timestamp="20231005 16:25:10.857" level="ERROR">Error in file '/Users/suleymanoguz/Documents/RobotFramework/Resources/PO/register_page.robot' on line 3: Importing library 'RPA.Desktop' failed: ModuleNotFoundError: No module named 'RPA'
Traceback (most recent call last):
  None
PYTHONPATH:
  /Library/Frameworks/Python.framework/Versions/3.11/bin
  /Library/Frameworks/Python.framework/Versions/3.11/lib/python311.zip
  /Library/Frameworks/Python.framework/Versions/3.11/lib/python3.11
  /Library/Frameworks/Python.framework/Versions/3.11/lib/python3.11/lib-dynload
  /Library/Frameworks/Python.framework/Versions/3.11/lib/python3.11/site-packages</msg>
<msg timestamp="20231005 16:25:10.858" level="ERROR">Error in file '/Users/suleymanoguz/Documents/RobotFramework/Resources/PO/login_page.robot' on line 8: Processing variable file '../RandomNameGenerator.robot' failed: Importing variable file '../RandomNameGenerator.robot' failed: ModuleNotFoundError: No module named '.'
Traceback (most recent call last):
  None
PYTHONPATH:
  /Library/Frameworks/Python.framework/Versions/3.11/bin
  /Library/Frameworks/Python.framework/Versions/3.11/lib/python311.zip
  /Library/Frameworks/Python.framework/Versions/3.11/lib/python3.11
  /Library/Frameworks/Python.framework/Versions/3.11/lib/python3.11/lib-dynload
  /Library/Frameworks/Python.framework/Versions/3.11/lib/python3.11/site-packages</msg>
<msg timestamp="20231005 16:25:10.859" level="ERROR">Error in file '/Users/suleymanoguz/Documents/RobotFramework/Resources/PO/home_page.robot' on line 3: Importing library 'RPA.Desktop' failed: ModuleNotFoundError: No module named 'RPA'
Traceback (most recent call last):
  None
PYTHONPATH:
  /Library/Frameworks/Python.framework/Versions/3.11/bin
  /Library/Frameworks/Python.framework/Versions/3.11/lib/python311.zip
  /Library/Frameworks/Python.framework/Versions/3.11/lib/python3.11
  /Library/Frameworks/Python.framework/Versions/3.11/lib/python3.11/lib-dynload
  /Library/Frameworks/Python.framework/Versions/3.11/lib/python3.11/site-packages</msg>
<msg timestamp="20231005 16:25:10.859" level="ERROR">Error in file '/Users/suleymanoguz/Documents/RobotFramework/Resources/PO/home_page.robot' on line 4: Resource file '../Resources/Locators.robot' does not exist.</msg>
<msg timestamp="20231005 16:25:10.859" level="ERROR">Error in file '/Users/suleymanoguz/Documents/RobotFramework/Resources/PO/home_page.robot' on line 5: Resource file '../Resources/common.robot' does not exist.</msg>
<msg timestamp="20231005 16:25:10.859" level="ERROR">Error in file '/Users/suleymanoguz/Documents/RobotFramework/Resources/PO/home_page.robot' on line 6: Resource file '../Resources/PO/register_page.robot' does not exist.</msg>
<msg timestamp="20231005 16:25:10.859" level="ERROR">Error in file '/Users/suleymanoguz/Documents/RobotFramework/Resources/PO/checkout_page.robot' on line 90: Creating keyword 'Checkout as an user' failed: User keyword cannot be empty.</msg>
</errors>
</robot>
